


ARM Macro Assembler    Page 1 


    1 00000000         ;/******************************************************
                       ***********************
    2 00000000         ; * @file:    startup_stm32f10x_cl.s
    3 00000000         ; * @purpose: CMSIS Cortex-M3 Core Device Startup File f
                       or the 
    4 00000000         ; *           ST STM32F10x Connectivity Line Device Seri
                       es 
    5 00000000         ; * @version: V1.0
    6 00000000         ; * @date:    18. Jun. 2009
    7 00000000         ; *------- <<< Use Configuration Wizard in Context Menu 
                       >>> ------------------
    8 00000000         ; *
    9 00000000         ; * Copyright (C) 2009 ARM Limited. All rights reserved.
                       
   10 00000000         ; * ARM Limited (ARM) is supplying this software for use
                        with Cortex-M3 
   11 00000000         ; * processor based microcontrollers.  This file can be 
                       freely distributed 
   12 00000000         ; * within development tools that are supporting such AR
                       M based processors. 
   13 00000000         ; *
   14 00000000         ; * THIS SOFTWARE IS PROVIDED "AS IS".  NO WARRANTIES, W
                       HETHER EXPRESS, IMPLIED
   15 00000000         ; * OR STATUTORY, INCLUDING, BUT NOT LIMITED TO, IMPLIED
                        WARRANTIES OF
   16 00000000         ; * MERCHANTABILITY AND FITNESS FOR A PARTICULAR PURPOSE
                        APPLY TO THIS SOFTWARE.
   17 00000000         ; * ARM SHALL NOT, IN ANY CIRCUMSTANCES, BE LIABLE FOR S
                       PECIAL, INCIDENTAL, OR
   18 00000000         ; * CONSEQUENTIAL DAMAGES, FOR ANY REASON WHATSOEVER.
   19 00000000         ; *
   20 00000000         ; ******************************************************
                       ***********************/
   21 00000000         
   22 00000000         
   23 00000000         ; <h> Stack Configuration
   24 00000000         ;   <o> Stack Size (in Bytes) <0x0-0xFFFFFFFF:8>
   25 00000000         ; </h>
   26 00000000         
   27 00000000 00000200 
                       Stack_Size
                               EQU              0x00000200
   28 00000000         
   29 00000000                 AREA             STACK, NOINIT, READWRITE, ALIGN
=3
   30 00000000         Stack_Mem
                               SPACE            Stack_Size
   31 00000200         __initial_sp
   32 00000200         
   33 00000200         
   34 00000200         ; <h> Heap Configuration
   35 00000200         ;   <o>  Heap Size (in Bytes) <0x0-0xFFFFFFFF:8>
   36 00000200         ; </h>
   37 00000200         
   38 00000200 00000000 
                       Heap_Size
                               EQU              0x00000000
   39 00000200         
   40 00000200                 AREA             HEAP, NOINIT, READWRITE, ALIGN=



ARM Macro Assembler    Page 2 


3
   41 00000000         __heap_base
   42 00000000         Heap_Mem
                               SPACE            Heap_Size
   43 00000000         __heap_limit
   44 00000000                 IMPORT           xPortPendSVHandler
   45 00000000                 IMPORT           xPortSysTickHandler
   46 00000000                 IMPORT           vPortSVCHandler
   47 00000000         ;IMPORT vUARTInterruptHandler
   48 00000000         ;IMPORT vTimer2IntHandler
   49 00000000         
   50 00000000         
   51 00000000                 PRESERVE8
   52 00000000                 THUMB
   53 00000000         
   54 00000000         
   55 00000000         ; Vector Table Mapped to Address 0 at Reset
   56 00000000         
   57 00000000                 AREA             RESET, DATA, READONLY
   58 00000000                 EXPORT           __Vectors
   59 00000000                 EXPORT           __Vectors_End
   60 00000000                 EXPORT           __Vectors_Size
   61 00000000         
   62 00000000 00000000 
                       __Vectors
                               DCD              __initial_sp ; Top of Stack
   63 00000004 00000000        DCD              Reset_Handler ; Reset Handler
   64 00000008 00000000        DCD              NMI_Handler ; NMI Handler
   65 0000000C 00000000        DCD              HardFault_Handler ; Hard Fault 
                                                            Handler
   66 00000010 00000000        DCD              MemManage_Handler 
                                                            ; MPU Fault Handler
                                                            
   67 00000014 00000000        DCD              BusFault_Handler 
                                                            ; Bus Fault Handler
                                                            
   68 00000018 00000000        DCD              UsageFault_Handler ; Usage Faul
                                                            t Handler
   69 0000001C 00000000        DCD              0           ; Reserved
   70 00000020 00000000        DCD              0           ; Reserved
   71 00000024 00000000        DCD              0           ; Reserved
   72 00000028 00000000        DCD              0           ; Reserved
   73 0000002C         ;DCD     SVC_Handler                ; SVCall Handler
   74 0000002C 00000000        DCD              vPortSVCHandler 
                                                            ; SVCall Handler
   75 00000030 00000000        DCD              DebugMon_Handler ; Debug Monito
                                                            r Handler
   76 00000034 00000000        DCD              0           ; Reserved
   77 00000038         ;DCD     PendSV_Handler             ; PendSV Handler
   78 00000038 00000000        DCD              xPortPendSVHandler
   79 0000003C         ;DCD     SysTick_Handler           ; SysTick Handler
   80 0000003C 00000000        DCD              xPortSysTickHandler
   81 00000040         
   82 00000040         ; External Interrupts
   83 00000040 00000000        DCD              WWDG_IRQHandler ;  0: Window Wa
                                                            tchdog
   84 00000044 00000000        DCD              PVD_IRQHandler ;  1: PVD throug
                                                            h EXTI Line detect
   85 00000048 00000000        DCD              TAMPER_IRQHandler ;  2: Tamper



ARM Macro Assembler    Page 3 


   86 0000004C 00000000        DCD              RTC_IRQHandler ;  3: RTC
   87 00000050 00000000        DCD              FLASH_IRQHandler ;  4: Flash
   88 00000054 00000000        DCD              RCC_IRQHandler ;  5: RCC
   89 00000058 00000000        DCD              EXTI0_IRQHandler 
                                                            ;  6: EXTI Line 0
   90 0000005C 00000000        DCD              EXTI1_IRQHandler 
                                                            ;  7: EXTI Line 1
   91 00000060 00000000        DCD              EXTI2_IRQHandler 
                                                            ;  8: EXTI Line 2
   92 00000064 00000000        DCD              EXTI3_IRQHandler 
                                                            ;  9: EXTI Line 3
   93 00000068 00000000        DCD              EXTI4_IRQHandler 
                                                            ; 10: EXTI Line 4
   94 0000006C 00000000        DCD              DMA1_Channel1_IRQHandler ; 11: 
                                                            DMA1 Channel 1
   95 00000070 00000000        DCD              DMA1_Channel2_IRQHandler ; 12: 
                                                            DMA1 Channel 2
   96 00000074 00000000        DCD              DMA1_Channel3_IRQHandler ; 13: 
                                                            DMA1 Channel 3
   97 00000078 00000000        DCD              DMA1_Channel4_IRQHandler ; 14: 
                                                            DMA1 Channel 4
   98 0000007C 00000000        DCD              DMA1_Channel5_IRQHandler ; 15: 
                                                            DMA1 Channel 5
   99 00000080 00000000        DCD              DMA1_Channel6_IRQHandler ; 16: 
                                                            DMA1 Channel 6
  100 00000084 00000000        DCD              DMA1_Channel7_IRQHandler ; 17: 
                                                            DMA1 Channel 7
  101 00000088 00000000        DCD              ADC1_2_IRQHandler 
                                                            ; 18: ADC1 and ADC2
                                                            
  102 0000008C 00000000        DCD              CAN1_TX_IRQHandler 
                                                            ; 19: CAN1 TX
  103 00000090 00000000        DCD              CAN1_RX0_IRQHandler 
                                                            ; 20: CAN1 RX0
  104 00000094 00000000        DCD              CAN1_RX1_IRQHandler 
                                                            ; 21: CAN1 RX1
  105 00000098 00000000        DCD              CAN1_SCE_IRQHandler 
                                                            ; 22: CAN1 SCE
  106 0000009C 00000000        DCD              EXTI9_5_IRQHandler ; 23: EXTI L
                                                            ine 9..5
  107 000000A0 00000000        DCD              TIM1_BRK_IRQHandler 
                                                            ; 24: TIM1 Break
  108 000000A4 00000000        DCD              TIM1_UP_IRQHandler 
                                                            ; 25: TIM1 Update
  109 000000A8 00000000        DCD              TIM1_TRG_COM_IRQHandler ; 26: T
                                                            IM1 Trigger and Com
                                                            mutation
  110 000000AC 00000000        DCD              TIM1_CC_IRQHandler ; 27: TIM1 C
                                                            apture Compare
  111 000000B0 00000000        DCD              TIM2_IRQHandler ; 28: TIM2
  112 000000B4 00000000        DCD              TIM3_IRQHandler ; 29: TIM3
  113 000000B8 00000000        DCD              TIM4_IRQHandler ; 30: TIM4
  114 000000BC 00000000        DCD              I2C1_EV_IRQHandler 
                                                            ; 31: I2C1 Event
  115 000000C0 00000000        DCD              I2C1_ER_IRQHandler 
                                                            ; 32: I2C1 Error
  116 000000C4 00000000        DCD              I2C2_EV_IRQHandler 
                                                            ; 33: I2C2 Event
  117 000000C8 00000000        DCD              I2C2_ER_IRQHandler 



ARM Macro Assembler    Page 4 


                                                            ; 34: I2C2 Error
  118 000000CC 00000000        DCD              SPI1_IRQHandler ; 35: SPI1
  119 000000D0 00000000        DCD              SPI2_IRQHandler ; 36: SPI2
  120 000000D4 00000000        DCD              USART1_IRQHandler ; 37: USART1
  121 000000D8 00000000        DCD              USART2_IRQHandler ; 38: USART2
  122 000000DC 00000000        DCD              USART3_IRQHandler ; 39: USART3
  123 000000E0 00000000        DCD              EXTI15_10_IRQHandler ; 40: EXTI
                                                             Line 15..10
  124 000000E4 00000000        DCD              RTCAlarm_IRQHandler ; 41: RTC A
                                                            larm through EXTI L
                                                            ine
  125 000000E8 00000000        DCD              OTG_FS_WKUP_IRQHandler ; 42: US
                                                            B OTG FS Wakeup
  126 000000EC 00000000        DCD              Default_Handler ; 43: Reserved
  127 000000F0 00000000        DCD              Default_Handler ; 44: Reserved
  128 000000F4 00000000        DCD              Default_Handler ; 45: Reserved
  129 000000F8 00000000        DCD              Default_Handler ; 46: Reserved
  130 000000FC 00000000        DCD              Default_Handler ; 47: Reserved
  131 00000100 00000000        DCD              Default_Handler ; 48: Reserved
  132 00000104 00000000        DCD              Default_Handler ; 49: Reserved
  133 00000108 00000000        DCD              TIM5_IRQHandler ; 50: TIM5
  134 0000010C 00000000        DCD              SPI3_IRQHandler ; 51: SPI3
  135 00000110 00000000        DCD              UART4_IRQHandler ; 52: UART4
  136 00000114 00000000        DCD              UART5_IRQHandler ; 53: UART5
  137 00000118 00000000        DCD              TIM6_IRQHandler ; 54: TIM6
  138 0000011C 00000000        DCD              TIM7_IRQHandler ; 55: TIM7
  139 00000120 00000000        DCD              DMA2_Channel1_IRQHandler ; 56: 
                                                            DMA2 Channel 1
  140 00000124 00000000        DCD              DMA2_Channel2_IRQHandler ; 57: 
                                                            DMA2 Channel 2
  141 00000128 00000000        DCD              DMA2_Channel3_IRQHandler ; 58: 
                                                            DMA2 Channel 3
  142 0000012C 00000000        DCD              DMA2_Channel4_IRQHandler ; 59: 
                                                            DMA2 Channel 4
  143 00000130 00000000        DCD              DMA2_Channel5_IRQHandler ; 60: 
                                                            DMA2 Channel 5
  144 00000134 00000000        DCD              ETH_IRQHandler ; 61: Ethernet
  145 00000138 00000000        DCD              ETH_WKUP_IRQHandler ; 62: Ether
                                                            net Wakeup
  146 0000013C 00000000        DCD              CAN2_TX_IRQHandler 
                                                            ; 63: CAN2 TX
  147 00000140 00000000        DCD              CAN2_RX0_IRQHandler 
                                                            ; 64: CAN2 RX0
  148 00000144 00000000        DCD              CAN2_RX1_IRQHandler 
                                                            ; 65: CAN2 RX1
  149 00000148 00000000        DCD              CAN2_SCE_IRQHandler 
                                                            ; 66: CAN2 SCE
  150 0000014C 00000000        DCD              OTG_FS_IRQHandler ; 67: USB On-
                                                            The-Go FS
  151 00000150         __Vectors_End
  152 00000150         
  153 00000150 00000150 
                       __Vectors_Size
                               EQU              __Vectors_End - __Vectors
  154 00000150         
  155 00000150                 AREA             |.text|, CODE, READONLY
  156 00000000         
  157 00000000         
  158 00000000         ; Reset Handler



ARM Macro Assembler    Page 5 


  159 00000000         
  160 00000000         Reset_Handler
                               PROC
  161 00000000                 EXPORT           Reset_Handler             [WEAK
]
  162 00000000                 IMPORT           __main
  163 00000000 4805            LDR              R0, =__main
  164 00000002 4700            BX               R0
  165 00000004                 ENDP
  166 00000004         
  167 00000004         
  168 00000004         ; Dummy Exception Handlers (infinite loops which can be 
                       modified)
  169 00000004         
  170 00000004         NMI_Handler
                               PROC
  171 00000004                 EXPORT           NMI_Handler               [WEAK
]
  172 00000004 E7FE            B                .
  173 00000006                 ENDP
  175 00000006         HardFault_Handler
                               PROC
  176 00000006                 EXPORT           HardFault_Handler         [WEAK
]
  177 00000006 E7FE            B                .
  178 00000008                 ENDP
  180 00000008         MemManage_Handler
                               PROC
  181 00000008                 EXPORT           MemManage_Handler         [WEAK
]
  182 00000008 E7FE            B                .
  183 0000000A                 ENDP
  185 0000000A         BusFault_Handler
                               PROC
  186 0000000A                 EXPORT           BusFault_Handler          [WEAK
]
  187 0000000A E7FE            B                .
  188 0000000C                 ENDP
  190 0000000C         UsageFault_Handler
                               PROC
  191 0000000C                 EXPORT           UsageFault_Handler        [WEAK
]
  192 0000000C E7FE            B                .
  193 0000000E                 ENDP
  194 0000000E         SVC_Handler
                               PROC
  195 0000000E                 EXPORT           SVC_Handler               [WEAK
]
  196 0000000E E7FE            B                .
  197 00000010                 ENDP
  199 00000010         DebugMon_Handler
                               PROC
  200 00000010                 EXPORT           DebugMon_Handler          [WEAK
]
  201 00000010 E7FE            B                .
  202 00000012                 ENDP
  203 00000012         PendSV_Handler
                               PROC
  204 00000012                 EXPORT           PendSV_Handler            [WEAK



ARM Macro Assembler    Page 6 


]
  205 00000012 E7FE            B                .
  206 00000014                 ENDP
  207 00000014         SysTick_Handler
                               PROC
  208 00000014                 EXPORT           SysTick_Handler           [WEAK
]
  209 00000014 E7FE            B                .
  210 00000016                 ENDP
  211 00000016         
  212 00000016         Default_Handler
                               PROC
  213 00000016         
  214 00000016                 EXPORT           WWDG_IRQHandler           [WEAK
]
  215 00000016                 EXPORT           PVD_IRQHandler            [WEAK
]
  216 00000016                 EXPORT           TAMPER_IRQHandler         [WEAK
]
  217 00000016                 EXPORT           RTC_IRQHandler            [WEAK
]
  218 00000016                 EXPORT           FLASH_IRQHandler          [WEAK
]
  219 00000016                 EXPORT           RCC_IRQHandler            [WEAK
]
  220 00000016                 EXPORT           EXTI0_IRQHandler          [WEAK
]
  221 00000016                 EXPORT           EXTI1_IRQHandler          [WEAK
]
  222 00000016                 EXPORT           EXTI2_IRQHandler          [WEAK
]
  223 00000016                 EXPORT           EXTI3_IRQHandler          [WEAK
]
  224 00000016                 EXPORT           EXTI4_IRQHandler          [WEAK
]
  225 00000016                 EXPORT           DMA1_Channel1_IRQHandler  [WEAK
]
  226 00000016                 EXPORT           DMA1_Channel2_IRQHandler  [WEAK
]
  227 00000016                 EXPORT           DMA1_Channel3_IRQHandler  [WEAK
]
  228 00000016                 EXPORT           DMA1_Channel4_IRQHandler  [WEAK
]
  229 00000016                 EXPORT           DMA1_Channel5_IRQHandler  [WEAK
]
  230 00000016                 EXPORT           DMA1_Channel6_IRQHandler  [WEAK
]
  231 00000016                 EXPORT           DMA1_Channel7_IRQHandler  [WEAK
]
  232 00000016                 EXPORT           ADC1_2_IRQHandler         [WEAK
]
  233 00000016                 EXPORT           CAN1_TX_IRQHandler        [WEAK
]
  234 00000016                 EXPORT           CAN1_RX0_IRQHandler       [WEAK
]
  235 00000016                 EXPORT           CAN1_RX1_IRQHandler       [WEAK
]
  236 00000016                 EXPORT           CAN1_SCE_IRQHandler       [WEAK
]



ARM Macro Assembler    Page 7 


  237 00000016                 EXPORT           EXTI9_5_IRQHandler        [WEAK
]
  238 00000016                 EXPORT           TIM1_BRK_IRQHandler       [WEAK
]
  239 00000016                 EXPORT           TIM1_UP_IRQHandler        [WEAK
]
  240 00000016                 EXPORT           TIM1_TRG_COM_IRQHandler   [WEAK
]
  241 00000016                 EXPORT           TIM1_CC_IRQHandler        [WEAK
]
  242 00000016                 EXPORT           TIM2_IRQHandler           [WEAK
]
  243 00000016                 EXPORT           TIM3_IRQHandler           [WEAK
]
  244 00000016                 EXPORT           TIM4_IRQHandler           [WEAK
]
  245 00000016                 EXPORT           I2C1_EV_IRQHandler        [WEAK
]
  246 00000016                 EXPORT           I2C1_ER_IRQHandler        [WEAK
]
  247 00000016                 EXPORT           I2C2_EV_IRQHandler        [WEAK
]
  248 00000016                 EXPORT           I2C2_ER_IRQHandler        [WEAK
]
  249 00000016                 EXPORT           SPI1_IRQHandler           [WEAK
]
  250 00000016                 EXPORT           SPI2_IRQHandler           [WEAK
]
  251 00000016                 EXPORT           USART1_IRQHandler         [WEAK
]
  252 00000016                 EXPORT           USART2_IRQHandler         [WEAK
]
  253 00000016                 EXPORT           USART3_IRQHandler         [WEAK
]
  254 00000016                 EXPORT           EXTI15_10_IRQHandler      [WEAK
]
  255 00000016                 EXPORT           RTCAlarm_IRQHandler       [WEAK
]
  256 00000016                 EXPORT           OTG_FS_WKUP_IRQHandler    [WEAK
]
  257 00000016                 EXPORT           TIM5_IRQHandler           [WEAK
]
  258 00000016                 EXPORT           SPI3_IRQHandler           [WEAK
]
  259 00000016                 EXPORT           UART4_IRQHandler          [WEAK
]
  260 00000016                 EXPORT           UART5_IRQHandler          [WEAK
]
  261 00000016                 EXPORT           TIM6_IRQHandler           [WEAK
]
  262 00000016                 EXPORT           TIM7_IRQHandler           [WEAK
]
  263 00000016                 EXPORT           DMA2_Channel1_IRQHandler  [WEAK
]
  264 00000016                 EXPORT           DMA2_Channel2_IRQHandler  [WEAK
]
  265 00000016                 EXPORT           DMA2_Channel3_IRQHandler  [WEAK
]
  266 00000016                 EXPORT           DMA2_Channel4_IRQHandler  [WEAK



ARM Macro Assembler    Page 8 


]
  267 00000016                 EXPORT           DMA2_Channel5_IRQHandler  [WEAK
]
  268 00000016                 EXPORT           ETH_IRQHandler            [WEAK
]
  269 00000016                 EXPORT           ETH_WKUP_IRQHandler       [WEAK
]
  270 00000016                 EXPORT           CAN2_TX_IRQHandler        [WEAK
]
  271 00000016                 EXPORT           CAN2_RX0_IRQHandler       [WEAK
]
  272 00000016                 EXPORT           CAN2_RX1_IRQHandler       [WEAK
]
  273 00000016                 EXPORT           CAN2_SCE_IRQHandler       [WEAK
]
  274 00000016                 EXPORT           OTG_FS_IRQHandler         [WEAK
]
  275 00000016         
  276 00000016         WWDG_IRQHandler
  277 00000016         PVD_IRQHandler
  278 00000016         TAMPER_IRQHandler
  279 00000016         RTC_IRQHandler
  280 00000016         FLASH_IRQHandler
  281 00000016         RCC_IRQHandler
  282 00000016         EXTI0_IRQHandler
  283 00000016         EXTI1_IRQHandler
  284 00000016         EXTI2_IRQHandler
  285 00000016         EXTI3_IRQHandler
  286 00000016         EXTI4_IRQHandler
  287 00000016         DMA1_Channel1_IRQHandler
  288 00000016         DMA1_Channel2_IRQHandler
  289 00000016         DMA1_Channel3_IRQHandler
  290 00000016         DMA1_Channel4_IRQHandler
  291 00000016         DMA1_Channel5_IRQHandler
  292 00000016         DMA1_Channel6_IRQHandler
  293 00000016         DMA1_Channel7_IRQHandler
  294 00000016         ADC1_2_IRQHandler
  295 00000016         CAN1_TX_IRQHandler
  296 00000016         CAN1_RX0_IRQHandler
  297 00000016         CAN1_RX1_IRQHandler
  298 00000016         CAN1_SCE_IRQHandler
  299 00000016         EXTI9_5_IRQHandler
  300 00000016         TIM1_BRK_IRQHandler
  301 00000016         TIM1_UP_IRQHandler
  302 00000016         TIM1_TRG_COM_IRQHandler
  303 00000016         TIM1_CC_IRQHandler
  304 00000016         TIM2_IRQHandler
  305 00000016         TIM3_IRQHandler
  306 00000016         TIM4_IRQHandler
  307 00000016         I2C1_EV_IRQHandler
  308 00000016         I2C1_ER_IRQHandler
  309 00000016         I2C2_EV_IRQHandler
  310 00000016         I2C2_ER_IRQHandler
  311 00000016         SPI1_IRQHandler
  312 00000016         SPI2_IRQHandler
  313 00000016         USART1_IRQHandler
  314 00000016         USART2_IRQHandler
  315 00000016         USART3_IRQHandler
  316 00000016         EXTI15_10_IRQHandler



ARM Macro Assembler    Page 9 


  317 00000016         RTCAlarm_IRQHandler
  318 00000016         OTG_FS_WKUP_IRQHandler
  319 00000016         TIM5_IRQHandler
  320 00000016         SPI3_IRQHandler
  321 00000016         UART4_IRQHandler
  322 00000016         UART5_IRQHandler
  323 00000016         TIM6_IRQHandler
  324 00000016         TIM7_IRQHandler
  325 00000016         DMA2_Channel1_IRQHandler
  326 00000016         DMA2_Channel2_IRQHandler
  327 00000016         DMA2_Channel3_IRQHandler
  328 00000016         DMA2_Channel4_IRQHandler
  329 00000016         DMA2_Channel5_IRQHandler
  330 00000016         ETH_IRQHandler
  331 00000016         ETH_WKUP_IRQHandler
  332 00000016         CAN2_TX_IRQHandler
  333 00000016         CAN2_RX0_IRQHandler
  334 00000016         CAN2_RX1_IRQHandler
  335 00000016         CAN2_SCE_IRQHandler
  336 00000016         OTG_FS_IRQHandler
  337 00000016         
  338 00000016 E7FE            B                .
  339 00000018         
  340 00000018                 ENDP
  341 00000018         
  342 00000018         
  343 00000018                 ALIGN
  344 00000018         
  345 00000018         
  346 00000018         ; User Initial Stack & Heap
  347 00000018         
  348 00000018                 IF               :DEF:__MICROLIB
  349 00000018         
  350 00000018                 EXPORT           __initial_sp
  351 00000018                 EXPORT           __heap_base
  352 00000018                 EXPORT           __heap_limit
  353 00000018         
  354 00000018                 ELSE
  368                          ENDIF
  369 00000018         
  370 00000018         
  371 00000018                 END
              00000000 
Command Line: --debug --xref --diag_suppress=9931 --cpu=Cortex-M3 --apcs=interw
ork --depend=.\objects\startup_stm32f10x_cl.d -o.\objects\startup_stm32f10x_cl.
o -ID:\Keil_v5\ARM\RV31\INC -ID:\Keil_v5\ARM\CMSIS\Include -ID:\Keil_v5\ARM\INC
\ST\STM32F10x --predefine="__MICROLIB SETA 1" --predefine="__UVISION_VERSION SE
TA 525" --list=.\listings\startup_stm32f10x_cl.lst ..\CORE\startup_stm32f10x_cl
.s



ARM Macro Assembler    Page 1 Alphabetic symbol ordering
Relocatable symbols

STACK 00000000

Symbol: STACK
   Definitions
      At line 29 in file ..\CORE\startup_stm32f10x_cl.s
   Uses
      None
Comment: STACK unused
Stack_Mem 00000000

Symbol: Stack_Mem
   Definitions
      At line 30 in file ..\CORE\startup_stm32f10x_cl.s
   Uses
      None
Comment: Stack_Mem unused
__initial_sp 00000200

Symbol: __initial_sp
   Definitions
      At line 31 in file ..\CORE\startup_stm32f10x_cl.s
   Uses
      At line 62 in file ..\CORE\startup_stm32f10x_cl.s
      At line 350 in file ..\CORE\startup_stm32f10x_cl.s

3 symbols



ARM Macro Assembler    Page 1 Alphabetic symbol ordering
Relocatable symbols

HEAP 00000000

Symbol: HEAP
   Definitions
      At line 40 in file ..\CORE\startup_stm32f10x_cl.s
   Uses
      None
Comment: HEAP unused
Heap_Mem 00000000

Symbol: Heap_Mem
   Definitions
      At line 42 in file ..\CORE\startup_stm32f10x_cl.s
   Uses
      None
Comment: Heap_Mem unused
__heap_base 00000000

Symbol: __heap_base
   Definitions
      At line 41 in file ..\CORE\startup_stm32f10x_cl.s
   Uses
      At line 351 in file ..\CORE\startup_stm32f10x_cl.s
Comment: __heap_base used once
__heap_limit 00000000

Symbol: __heap_limit
   Definitions
      At line 43 in file ..\CORE\startup_stm32f10x_cl.s
   Uses
      At line 352 in file ..\CORE\startup_stm32f10x_cl.s
Comment: __heap_limit used once
4 symbols



ARM Macro Assembler    Page 1 Alphabetic symbol ordering
Relocatable symbols

RESET 00000000

Symbol: RESET
   Definitions
      At line 57 in file ..\CORE\startup_stm32f10x_cl.s
   Uses
      None
Comment: RESET unused
__Vectors 00000000

Symbol: __Vectors
   Definitions
      At line 62 in file ..\CORE\startup_stm32f10x_cl.s
   Uses
      At line 58 in file ..\CORE\startup_stm32f10x_cl.s
      At line 153 in file ..\CORE\startup_stm32f10x_cl.s

__Vectors_End 00000150

Symbol: __Vectors_End
   Definitions
      At line 151 in file ..\CORE\startup_stm32f10x_cl.s
   Uses
      At line 59 in file ..\CORE\startup_stm32f10x_cl.s
      At line 153 in file ..\CORE\startup_stm32f10x_cl.s

3 symbols



ARM Macro Assembler    Page 1 Alphabetic symbol ordering
Relocatable symbols

.text 00000000

Symbol: .text
   Definitions
      At line 155 in file ..\CORE\startup_stm32f10x_cl.s
   Uses
      None
Comment: .text unused
ADC1_2_IRQHandler 00000016

Symbol: ADC1_2_IRQHandler
   Definitions
      At line 294 in file ..\CORE\startup_stm32f10x_cl.s
   Uses
      At line 101 in file ..\CORE\startup_stm32f10x_cl.s
      At line 232 in file ..\CORE\startup_stm32f10x_cl.s

BusFault_Handler 0000000A

Symbol: BusFault_Handler
   Definitions
      At line 185 in file ..\CORE\startup_stm32f10x_cl.s
   Uses
      At line 67 in file ..\CORE\startup_stm32f10x_cl.s
      At line 186 in file ..\CORE\startup_stm32f10x_cl.s

CAN1_RX0_IRQHandler 00000016

Symbol: CAN1_RX0_IRQHandler
   Definitions
      At line 296 in file ..\CORE\startup_stm32f10x_cl.s
   Uses
      At line 103 in file ..\CORE\startup_stm32f10x_cl.s
      At line 234 in file ..\CORE\startup_stm32f10x_cl.s

CAN1_RX1_IRQHandler 00000016

Symbol: CAN1_RX1_IRQHandler
   Definitions
      At line 297 in file ..\CORE\startup_stm32f10x_cl.s
   Uses
      At line 104 in file ..\CORE\startup_stm32f10x_cl.s
      At line 235 in file ..\CORE\startup_stm32f10x_cl.s

CAN1_SCE_IRQHandler 00000016

Symbol: CAN1_SCE_IRQHandler
   Definitions
      At line 298 in file ..\CORE\startup_stm32f10x_cl.s
   Uses
      At line 105 in file ..\CORE\startup_stm32f10x_cl.s
      At line 236 in file ..\CORE\startup_stm32f10x_cl.s

CAN1_TX_IRQHandler 00000016

Symbol: CAN1_TX_IRQHandler
   Definitions
      At line 295 in file ..\CORE\startup_stm32f10x_cl.s
   Uses



ARM Macro Assembler    Page 2 Alphabetic symbol ordering
Relocatable symbols

      At line 102 in file ..\CORE\startup_stm32f10x_cl.s
      At line 233 in file ..\CORE\startup_stm32f10x_cl.s

CAN2_RX0_IRQHandler 00000016

Symbol: CAN2_RX0_IRQHandler
   Definitions
      At line 333 in file ..\CORE\startup_stm32f10x_cl.s
   Uses
      At line 147 in file ..\CORE\startup_stm32f10x_cl.s
      At line 271 in file ..\CORE\startup_stm32f10x_cl.s

CAN2_RX1_IRQHandler 00000016

Symbol: CAN2_RX1_IRQHandler
   Definitions
      At line 334 in file ..\CORE\startup_stm32f10x_cl.s
   Uses
      At line 148 in file ..\CORE\startup_stm32f10x_cl.s
      At line 272 in file ..\CORE\startup_stm32f10x_cl.s

CAN2_SCE_IRQHandler 00000016

Symbol: CAN2_SCE_IRQHandler
   Definitions
      At line 335 in file ..\CORE\startup_stm32f10x_cl.s
   Uses
      At line 149 in file ..\CORE\startup_stm32f10x_cl.s
      At line 273 in file ..\CORE\startup_stm32f10x_cl.s

CAN2_TX_IRQHandler 00000016

Symbol: CAN2_TX_IRQHandler
   Definitions
      At line 332 in file ..\CORE\startup_stm32f10x_cl.s
   Uses
      At line 146 in file ..\CORE\startup_stm32f10x_cl.s
      At line 270 in file ..\CORE\startup_stm32f10x_cl.s

DMA1_Channel1_IRQHandler 00000016

Symbol: DMA1_Channel1_IRQHandler
   Definitions
      At line 287 in file ..\CORE\startup_stm32f10x_cl.s
   Uses
      At line 94 in file ..\CORE\startup_stm32f10x_cl.s
      At line 225 in file ..\CORE\startup_stm32f10x_cl.s

DMA1_Channel2_IRQHandler 00000016

Symbol: DMA1_Channel2_IRQHandler
   Definitions
      At line 288 in file ..\CORE\startup_stm32f10x_cl.s
   Uses
      At line 95 in file ..\CORE\startup_stm32f10x_cl.s
      At line 226 in file ..\CORE\startup_stm32f10x_cl.s

DMA1_Channel3_IRQHandler 00000016




ARM Macro Assembler    Page 3 Alphabetic symbol ordering
Relocatable symbols

Symbol: DMA1_Channel3_IRQHandler
   Definitions
      At line 289 in file ..\CORE\startup_stm32f10x_cl.s
   Uses
      At line 96 in file ..\CORE\startup_stm32f10x_cl.s
      At line 227 in file ..\CORE\startup_stm32f10x_cl.s

DMA1_Channel4_IRQHandler 00000016

Symbol: DMA1_Channel4_IRQHandler
   Definitions
      At line 290 in file ..\CORE\startup_stm32f10x_cl.s
   Uses
      At line 97 in file ..\CORE\startup_stm32f10x_cl.s
      At line 228 in file ..\CORE\startup_stm32f10x_cl.s

DMA1_Channel5_IRQHandler 00000016

Symbol: DMA1_Channel5_IRQHandler
   Definitions
      At line 291 in file ..\CORE\startup_stm32f10x_cl.s
   Uses
      At line 98 in file ..\CORE\startup_stm32f10x_cl.s
      At line 229 in file ..\CORE\startup_stm32f10x_cl.s

DMA1_Channel6_IRQHandler 00000016

Symbol: DMA1_Channel6_IRQHandler
   Definitions
      At line 292 in file ..\CORE\startup_stm32f10x_cl.s
   Uses
      At line 99 in file ..\CORE\startup_stm32f10x_cl.s
      At line 230 in file ..\CORE\startup_stm32f10x_cl.s

DMA1_Channel7_IRQHandler 00000016

Symbol: DMA1_Channel7_IRQHandler
   Definitions
      At line 293 in file ..\CORE\startup_stm32f10x_cl.s
   Uses
      At line 100 in file ..\CORE\startup_stm32f10x_cl.s
      At line 231 in file ..\CORE\startup_stm32f10x_cl.s

DMA2_Channel1_IRQHandler 00000016

Symbol: DMA2_Channel1_IRQHandler
   Definitions
      At line 325 in file ..\CORE\startup_stm32f10x_cl.s
   Uses
      At line 139 in file ..\CORE\startup_stm32f10x_cl.s
      At line 263 in file ..\CORE\startup_stm32f10x_cl.s

DMA2_Channel2_IRQHandler 00000016

Symbol: DMA2_Channel2_IRQHandler
   Definitions
      At line 326 in file ..\CORE\startup_stm32f10x_cl.s
   Uses
      At line 140 in file ..\CORE\startup_stm32f10x_cl.s



ARM Macro Assembler    Page 4 Alphabetic symbol ordering
Relocatable symbols

      At line 264 in file ..\CORE\startup_stm32f10x_cl.s

DMA2_Channel3_IRQHandler 00000016

Symbol: DMA2_Channel3_IRQHandler
   Definitions
      At line 327 in file ..\CORE\startup_stm32f10x_cl.s
   Uses
      At line 141 in file ..\CORE\startup_stm32f10x_cl.s
      At line 265 in file ..\CORE\startup_stm32f10x_cl.s

DMA2_Channel4_IRQHandler 00000016

Symbol: DMA2_Channel4_IRQHandler
   Definitions
      At line 328 in file ..\CORE\startup_stm32f10x_cl.s
   Uses
      At line 142 in file ..\CORE\startup_stm32f10x_cl.s
      At line 266 in file ..\CORE\startup_stm32f10x_cl.s

DMA2_Channel5_IRQHandler 00000016

Symbol: DMA2_Channel5_IRQHandler
   Definitions
      At line 329 in file ..\CORE\startup_stm32f10x_cl.s
   Uses
      At line 143 in file ..\CORE\startup_stm32f10x_cl.s
      At line 267 in file ..\CORE\startup_stm32f10x_cl.s

DebugMon_Handler 00000010

Symbol: DebugMon_Handler
   Definitions
      At line 199 in file ..\CORE\startup_stm32f10x_cl.s
   Uses
      At line 75 in file ..\CORE\startup_stm32f10x_cl.s
      At line 200 in file ..\CORE\startup_stm32f10x_cl.s

Default_Handler 00000016

Symbol: Default_Handler
   Definitions
      At line 212 in file ..\CORE\startup_stm32f10x_cl.s
   Uses
      At line 126 in file ..\CORE\startup_stm32f10x_cl.s
      At line 127 in file ..\CORE\startup_stm32f10x_cl.s
      At line 128 in file ..\CORE\startup_stm32f10x_cl.s
      At line 129 in file ..\CORE\startup_stm32f10x_cl.s
      At line 130 in file ..\CORE\startup_stm32f10x_cl.s
      At line 131 in file ..\CORE\startup_stm32f10x_cl.s
      At line 132 in file ..\CORE\startup_stm32f10x_cl.s

ETH_IRQHandler 00000016

Symbol: ETH_IRQHandler
   Definitions
      At line 330 in file ..\CORE\startup_stm32f10x_cl.s
   Uses
      At line 144 in file ..\CORE\startup_stm32f10x_cl.s



ARM Macro Assembler    Page 5 Alphabetic symbol ordering
Relocatable symbols

      At line 268 in file ..\CORE\startup_stm32f10x_cl.s

ETH_WKUP_IRQHandler 00000016

Symbol: ETH_WKUP_IRQHandler
   Definitions
      At line 331 in file ..\CORE\startup_stm32f10x_cl.s
   Uses
      At line 145 in file ..\CORE\startup_stm32f10x_cl.s
      At line 269 in file ..\CORE\startup_stm32f10x_cl.s

EXTI0_IRQHandler 00000016

Symbol: EXTI0_IRQHandler
   Definitions
      At line 282 in file ..\CORE\startup_stm32f10x_cl.s
   Uses
      At line 89 in file ..\CORE\startup_stm32f10x_cl.s
      At line 220 in file ..\CORE\startup_stm32f10x_cl.s

EXTI15_10_IRQHandler 00000016

Symbol: EXTI15_10_IRQHandler
   Definitions
      At line 316 in file ..\CORE\startup_stm32f10x_cl.s
   Uses
      At line 123 in file ..\CORE\startup_stm32f10x_cl.s
      At line 254 in file ..\CORE\startup_stm32f10x_cl.s

EXTI1_IRQHandler 00000016

Symbol: EXTI1_IRQHandler
   Definitions
      At line 283 in file ..\CORE\startup_stm32f10x_cl.s
   Uses
      At line 90 in file ..\CORE\startup_stm32f10x_cl.s
      At line 221 in file ..\CORE\startup_stm32f10x_cl.s

EXTI2_IRQHandler 00000016

Symbol: EXTI2_IRQHandler
   Definitions
      At line 284 in file ..\CORE\startup_stm32f10x_cl.s
   Uses
      At line 91 in file ..\CORE\startup_stm32f10x_cl.s
      At line 222 in file ..\CORE\startup_stm32f10x_cl.s

EXTI3_IRQHandler 00000016

Symbol: EXTI3_IRQHandler
   Definitions
      At line 285 in file ..\CORE\startup_stm32f10x_cl.s
   Uses
      At line 92 in file ..\CORE\startup_stm32f10x_cl.s
      At line 223 in file ..\CORE\startup_stm32f10x_cl.s

EXTI4_IRQHandler 00000016

Symbol: EXTI4_IRQHandler



ARM Macro Assembler    Page 6 Alphabetic symbol ordering
Relocatable symbols

   Definitions
      At line 286 in file ..\CORE\startup_stm32f10x_cl.s
   Uses
      At line 93 in file ..\CORE\startup_stm32f10x_cl.s
      At line 224 in file ..\CORE\startup_stm32f10x_cl.s

EXTI9_5_IRQHandler 00000016

Symbol: EXTI9_5_IRQHandler
   Definitions
      At line 299 in file ..\CORE\startup_stm32f10x_cl.s
   Uses
      At line 106 in file ..\CORE\startup_stm32f10x_cl.s
      At line 237 in file ..\CORE\startup_stm32f10x_cl.s

FLASH_IRQHandler 00000016

Symbol: FLASH_IRQHandler
   Definitions
      At line 280 in file ..\CORE\startup_stm32f10x_cl.s
   Uses
      At line 87 in file ..\CORE\startup_stm32f10x_cl.s
      At line 218 in file ..\CORE\startup_stm32f10x_cl.s

HardFault_Handler 00000006

Symbol: HardFault_Handler
   Definitions
      At line 175 in file ..\CORE\startup_stm32f10x_cl.s
   Uses
      At line 65 in file ..\CORE\startup_stm32f10x_cl.s
      At line 176 in file ..\CORE\startup_stm32f10x_cl.s

I2C1_ER_IRQHandler 00000016

Symbol: I2C1_ER_IRQHandler
   Definitions
      At line 308 in file ..\CORE\startup_stm32f10x_cl.s
   Uses
      At line 115 in file ..\CORE\startup_stm32f10x_cl.s
      At line 246 in file ..\CORE\startup_stm32f10x_cl.s

I2C1_EV_IRQHandler 00000016

Symbol: I2C1_EV_IRQHandler
   Definitions
      At line 307 in file ..\CORE\startup_stm32f10x_cl.s
   Uses
      At line 114 in file ..\CORE\startup_stm32f10x_cl.s
      At line 245 in file ..\CORE\startup_stm32f10x_cl.s

I2C2_ER_IRQHandler 00000016

Symbol: I2C2_ER_IRQHandler
   Definitions
      At line 310 in file ..\CORE\startup_stm32f10x_cl.s
   Uses
      At line 117 in file ..\CORE\startup_stm32f10x_cl.s
      At line 248 in file ..\CORE\startup_stm32f10x_cl.s



ARM Macro Assembler    Page 7 Alphabetic symbol ordering
Relocatable symbols


I2C2_EV_IRQHandler 00000016

Symbol: I2C2_EV_IRQHandler
   Definitions
      At line 309 in file ..\CORE\startup_stm32f10x_cl.s
   Uses
      At line 116 in file ..\CORE\startup_stm32f10x_cl.s
      At line 247 in file ..\CORE\startup_stm32f10x_cl.s

MemManage_Handler 00000008

Symbol: MemManage_Handler
   Definitions
      At line 180 in file ..\CORE\startup_stm32f10x_cl.s
   Uses
      At line 66 in file ..\CORE\startup_stm32f10x_cl.s
      At line 181 in file ..\CORE\startup_stm32f10x_cl.s

NMI_Handler 00000004

Symbol: NMI_Handler
   Definitions
      At line 170 in file ..\CORE\startup_stm32f10x_cl.s
   Uses
      At line 64 in file ..\CORE\startup_stm32f10x_cl.s
      At line 171 in file ..\CORE\startup_stm32f10x_cl.s

OTG_FS_IRQHandler 00000016

Symbol: OTG_FS_IRQHandler
   Definitions
      At line 336 in file ..\CORE\startup_stm32f10x_cl.s
   Uses
      At line 150 in file ..\CORE\startup_stm32f10x_cl.s
      At line 274 in file ..\CORE\startup_stm32f10x_cl.s

OTG_FS_WKUP_IRQHandler 00000016

Symbol: OTG_FS_WKUP_IRQHandler
   Definitions
      At line 318 in file ..\CORE\startup_stm32f10x_cl.s
   Uses
      At line 125 in file ..\CORE\startup_stm32f10x_cl.s
      At line 256 in file ..\CORE\startup_stm32f10x_cl.s

PVD_IRQHandler 00000016

Symbol: PVD_IRQHandler
   Definitions
      At line 277 in file ..\CORE\startup_stm32f10x_cl.s
   Uses
      At line 84 in file ..\CORE\startup_stm32f10x_cl.s
      At line 215 in file ..\CORE\startup_stm32f10x_cl.s

PendSV_Handler 00000012

Symbol: PendSV_Handler
   Definitions



ARM Macro Assembler    Page 8 Alphabetic symbol ordering
Relocatable symbols

      At line 203 in file ..\CORE\startup_stm32f10x_cl.s
   Uses
      At line 204 in file ..\CORE\startup_stm32f10x_cl.s
Comment: PendSV_Handler used once
RCC_IRQHandler 00000016

Symbol: RCC_IRQHandler
   Definitions
      At line 281 in file ..\CORE\startup_stm32f10x_cl.s
   Uses
      At line 88 in file ..\CORE\startup_stm32f10x_cl.s
      At line 219 in file ..\CORE\startup_stm32f10x_cl.s

RTCAlarm_IRQHandler 00000016

Symbol: RTCAlarm_IRQHandler
   Definitions
      At line 317 in file ..\CORE\startup_stm32f10x_cl.s
   Uses
      At line 124 in file ..\CORE\startup_stm32f10x_cl.s
      At line 255 in file ..\CORE\startup_stm32f10x_cl.s

RTC_IRQHandler 00000016

Symbol: RTC_IRQHandler
   Definitions
      At line 279 in file ..\CORE\startup_stm32f10x_cl.s
   Uses
      At line 86 in file ..\CORE\startup_stm32f10x_cl.s
      At line 217 in file ..\CORE\startup_stm32f10x_cl.s

Reset_Handler 00000000

Symbol: Reset_Handler
   Definitions
      At line 160 in file ..\CORE\startup_stm32f10x_cl.s
   Uses
      At line 63 in file ..\CORE\startup_stm32f10x_cl.s
      At line 161 in file ..\CORE\startup_stm32f10x_cl.s

SPI1_IRQHandler 00000016

Symbol: SPI1_IRQHandler
   Definitions
      At line 311 in file ..\CORE\startup_stm32f10x_cl.s
   Uses
      At line 118 in file ..\CORE\startup_stm32f10x_cl.s
      At line 249 in file ..\CORE\startup_stm32f10x_cl.s

SPI2_IRQHandler 00000016

Symbol: SPI2_IRQHandler
   Definitions
      At line 312 in file ..\CORE\startup_stm32f10x_cl.s
   Uses
      At line 119 in file ..\CORE\startup_stm32f10x_cl.s
      At line 250 in file ..\CORE\startup_stm32f10x_cl.s

SPI3_IRQHandler 00000016



ARM Macro Assembler    Page 9 Alphabetic symbol ordering
Relocatable symbols


Symbol: SPI3_IRQHandler
   Definitions
      At line 320 in file ..\CORE\startup_stm32f10x_cl.s
   Uses
      At line 134 in file ..\CORE\startup_stm32f10x_cl.s
      At line 258 in file ..\CORE\startup_stm32f10x_cl.s

SVC_Handler 0000000E

Symbol: SVC_Handler
   Definitions
      At line 194 in file ..\CORE\startup_stm32f10x_cl.s
   Uses
      At line 195 in file ..\CORE\startup_stm32f10x_cl.s
Comment: SVC_Handler used once
SysTick_Handler 00000014

Symbol: SysTick_Handler
   Definitions
      At line 207 in file ..\CORE\startup_stm32f10x_cl.s
   Uses
      At line 208 in file ..\CORE\startup_stm32f10x_cl.s
Comment: SysTick_Handler used once
TAMPER_IRQHandler 00000016

Symbol: TAMPER_IRQHandler
   Definitions
      At line 278 in file ..\CORE\startup_stm32f10x_cl.s
   Uses
      At line 85 in file ..\CORE\startup_stm32f10x_cl.s
      At line 216 in file ..\CORE\startup_stm32f10x_cl.s

TIM1_BRK_IRQHandler 00000016

Symbol: TIM1_BRK_IRQHandler
   Definitions
      At line 300 in file ..\CORE\startup_stm32f10x_cl.s
   Uses
      At line 107 in file ..\CORE\startup_stm32f10x_cl.s
      At line 238 in file ..\CORE\startup_stm32f10x_cl.s

TIM1_CC_IRQHandler 00000016

Symbol: TIM1_CC_IRQHandler
   Definitions
      At line 303 in file ..\CORE\startup_stm32f10x_cl.s
   Uses
      At line 110 in file ..\CORE\startup_stm32f10x_cl.s
      At line 241 in file ..\CORE\startup_stm32f10x_cl.s

TIM1_TRG_COM_IRQHandler 00000016

Symbol: TIM1_TRG_COM_IRQHandler
   Definitions
      At line 302 in file ..\CORE\startup_stm32f10x_cl.s
   Uses
      At line 109 in file ..\CORE\startup_stm32f10x_cl.s
      At line 240 in file ..\CORE\startup_stm32f10x_cl.s



ARM Macro Assembler    Page 10 Alphabetic symbol ordering
Relocatable symbols


TIM1_UP_IRQHandler 00000016

Symbol: TIM1_UP_IRQHandler
   Definitions
      At line 301 in file ..\CORE\startup_stm32f10x_cl.s
   Uses
      At line 108 in file ..\CORE\startup_stm32f10x_cl.s
      At line 239 in file ..\CORE\startup_stm32f10x_cl.s

TIM2_IRQHandler 00000016

Symbol: TIM2_IRQHandler
   Definitions
      At line 304 in file ..\CORE\startup_stm32f10x_cl.s
   Uses
      At line 111 in file ..\CORE\startup_stm32f10x_cl.s
      At line 242 in file ..\CORE\startup_stm32f10x_cl.s

TIM3_IRQHandler 00000016

Symbol: TIM3_IRQHandler
   Definitions
      At line 305 in file ..\CORE\startup_stm32f10x_cl.s
   Uses
      At line 112 in file ..\CORE\startup_stm32f10x_cl.s
      At line 243 in file ..\CORE\startup_stm32f10x_cl.s

TIM4_IRQHandler 00000016

Symbol: TIM4_IRQHandler
   Definitions
      At line 306 in file ..\CORE\startup_stm32f10x_cl.s
   Uses
      At line 113 in file ..\CORE\startup_stm32f10x_cl.s
      At line 244 in file ..\CORE\startup_stm32f10x_cl.s

TIM5_IRQHandler 00000016

Symbol: TIM5_IRQHandler
   Definitions
      At line 319 in file ..\CORE\startup_stm32f10x_cl.s
   Uses
      At line 133 in file ..\CORE\startup_stm32f10x_cl.s
      At line 257 in file ..\CORE\startup_stm32f10x_cl.s

TIM6_IRQHandler 00000016

Symbol: TIM6_IRQHandler
   Definitions
      At line 323 in file ..\CORE\startup_stm32f10x_cl.s
   Uses
      At line 137 in file ..\CORE\startup_stm32f10x_cl.s
      At line 261 in file ..\CORE\startup_stm32f10x_cl.s

TIM7_IRQHandler 00000016

Symbol: TIM7_IRQHandler
   Definitions



ARM Macro Assembler    Page 11 Alphabetic symbol ordering
Relocatable symbols

      At line 324 in file ..\CORE\startup_stm32f10x_cl.s
   Uses
      At line 138 in file ..\CORE\startup_stm32f10x_cl.s
      At line 262 in file ..\CORE\startup_stm32f10x_cl.s

UART4_IRQHandler 00000016

Symbol: UART4_IRQHandler
   Definitions
      At line 321 in file ..\CORE\startup_stm32f10x_cl.s
   Uses
      At line 135 in file ..\CORE\startup_stm32f10x_cl.s
      At line 259 in file ..\CORE\startup_stm32f10x_cl.s

UART5_IRQHandler 00000016

Symbol: UART5_IRQHandler
   Definitions
      At line 322 in file ..\CORE\startup_stm32f10x_cl.s
   Uses
      At line 136 in file ..\CORE\startup_stm32f10x_cl.s
      At line 260 in file ..\CORE\startup_stm32f10x_cl.s

USART1_IRQHandler 00000016

Symbol: USART1_IRQHandler
   Definitions
      At line 313 in file ..\CORE\startup_stm32f10x_cl.s
   Uses
      At line 120 in file ..\CORE\startup_stm32f10x_cl.s
      At line 251 in file ..\CORE\startup_stm32f10x_cl.s

USART2_IRQHandler 00000016

Symbol: USART2_IRQHandler
   Definitions
      At line 314 in file ..\CORE\startup_stm32f10x_cl.s
   Uses
      At line 121 in file ..\CORE\startup_stm32f10x_cl.s
      At line 252 in file ..\CORE\startup_stm32f10x_cl.s

USART3_IRQHandler 00000016

Symbol: USART3_IRQHandler
   Definitions
      At line 315 in file ..\CORE\startup_stm32f10x_cl.s
   Uses
      At line 122 in file ..\CORE\startup_stm32f10x_cl.s
      At line 253 in file ..\CORE\startup_stm32f10x_cl.s

UsageFault_Handler 0000000C

Symbol: UsageFault_Handler
   Definitions
      At line 190 in file ..\CORE\startup_stm32f10x_cl.s
   Uses
      At line 68 in file ..\CORE\startup_stm32f10x_cl.s
      At line 191 in file ..\CORE\startup_stm32f10x_cl.s




ARM Macro Assembler    Page 12 Alphabetic symbol ordering
Relocatable symbols

WWDG_IRQHandler 00000016

Symbol: WWDG_IRQHandler
   Definitions
      At line 276 in file ..\CORE\startup_stm32f10x_cl.s
   Uses
      At line 83 in file ..\CORE\startup_stm32f10x_cl.s
      At line 214 in file ..\CORE\startup_stm32f10x_cl.s

73 symbols



ARM Macro Assembler    Page 1 Alphabetic symbol ordering
Absolute symbols

Heap_Size 00000000

Symbol: Heap_Size
   Definitions
      At line 38 in file ..\CORE\startup_stm32f10x_cl.s
   Uses
      At line 42 in file ..\CORE\startup_stm32f10x_cl.s
Comment: Heap_Size used once
Stack_Size 00000200

Symbol: Stack_Size
   Definitions
      At line 27 in file ..\CORE\startup_stm32f10x_cl.s
   Uses
      At line 30 in file ..\CORE\startup_stm32f10x_cl.s
Comment: Stack_Size used once
__Vectors_Size 00000150

Symbol: __Vectors_Size
   Definitions
      At line 153 in file ..\CORE\startup_stm32f10x_cl.s
   Uses
      At line 60 in file ..\CORE\startup_stm32f10x_cl.s
Comment: __Vectors_Size used once
3 symbols



ARM Macro Assembler    Page 1 Alphabetic symbol ordering
External symbols

__main 00000000

Symbol: __main
   Definitions
      At line 162 in file ..\CORE\startup_stm32f10x_cl.s
   Uses
      At line 163 in file ..\CORE\startup_stm32f10x_cl.s
Comment: __main used once
vPortSVCHandler 00000000

Symbol: vPortSVCHandler
   Definitions
      At line 46 in file ..\CORE\startup_stm32f10x_cl.s
   Uses
      At line 74 in file ..\CORE\startup_stm32f10x_cl.s
Comment: vPortSVCHandler used once
xPortPendSVHandler 00000000

Symbol: xPortPendSVHandler
   Definitions
      At line 44 in file ..\CORE\startup_stm32f10x_cl.s
   Uses
      At line 78 in file ..\CORE\startup_stm32f10x_cl.s
Comment: xPortPendSVHandler used once
xPortSysTickHandler 00000000

Symbol: xPortSysTickHandler
   Definitions
      At line 45 in file ..\CORE\startup_stm32f10x_cl.s
   Uses
      At line 80 in file ..\CORE\startup_stm32f10x_cl.s
Comment: xPortSysTickHandler used once
4 symbols
424 symbols in table
